{
  "stats": {
    "suites": 1,
    "tests": 5,
    "passes": 5,
    "pending": 0,
    "failures": 0,
    "start": "2021-11-09T13:12:13.486Z",
    "end": "2021-11-09T13:12:13.506Z",
    "duration": 20,
    "testsRegistered": 5,
    "passPercent": 100,
    "pendingPercent": 0,
    "other": 0,
    "hasOther": false,
    "skipped": 0,
    "hasSkipped": false
  },
  "results": [
    {
      "uuid": "6afe69c0-4bde-4610-aa85-d6224f710744",
      "title": "",
      "fullFile": "",
      "file": "",
      "beforeHooks": [],
      "afterHooks": [],
      "tests": [],
      "suites": [
        {
          "uuid": "07fb1b29-0287-499d-b7ea-eff5cc808ed2",
          "title": "Airport tests",
          "fullFile": "D:\\3 курс\\epam\\Новая папка\\aircompany\\JS\\AirportTests\\AirportTest.mjs",
          "file": "\\AirportTests\\AirportTest.mjs",
          "beforeHooks": [],
          "afterHooks": [],
          "tests": [
            {
              "title": "airport has at least one military plane with transport type",
              "fullTitle": "Airport tests airport has at least one military plane with transport type",
              "timedOut": false,
              "duration": 2,
              "state": "passed",
              "speed": "fast",
              "pass": true,
              "fail": false,
              "pending": false,
              "context": null,
              "code": "assert(airport.hasTransportPlanes());",
              "err": {},
              "uuid": "a1a9b776-ca1d-4eab-b237-792aa7f14581",
              "parentUUID": "07fb1b29-0287-499d-b7ea-eff5cc808ed2",
              "isHook": false,
              "skipped": false
            },
            {
              "title": "does passenger plane have max capacity",
              "fullTitle": "Airport tests does passenger plane have max capacity",
              "timedOut": false,
              "duration": 0,
              "state": "passed",
              "speed": "fast",
              "pass": true,
              "fail": false,
              "pending": false,
              "context": null,
              "code": "assert.equal(airport.getPassengerPlaneWithMaxPassengerCapacity(),planeWithMaxPassengerCapacity.passengersCapacity);",
              "err": {},
              "uuid": "119508e4-ebf2-41ab-901e-e6586e897308",
              "parentUUID": "07fb1b29-0287-499d-b7ea-eff5cc808ed2",
              "isHook": false,
              "skipped": false
            },
            {
              "title": "is planes sorting by max load capacity correct",
              "fullTitle": "Airport tests is planes sorting by max load capacity correct",
              "timedOut": false,
              "duration": 1,
              "state": "passed",
              "speed": "fast",
              "pass": true,
              "fail": false,
              "pending": false,
              "context": null,
              "code": "assert(airport.isSortingByMaxLoadCapacityCorrect());",
              "err": {},
              "uuid": "35ced095-a7e8-48e7-a773-53c9b71204f8",
              "parentUUID": "07fb1b29-0287-499d-b7ea-eff5cc808ed2",
              "isHook": false,
              "skipped": false
            },
            {
              "title": "airport has at least one Bomber in Military Planes",
              "fullTitle": "Airport tests airport has at least one Bomber in Military Planes",
              "timedOut": false,
              "duration": 0,
              "state": "passed",
              "speed": "fast",
              "pass": true,
              "fail": false,
              "pending": false,
              "context": null,
              "code": "assert(airport.hasBomberPlanes());",
              "err": {},
              "uuid": "6eb2eed9-90a7-4475-8e9f-9a26ae6bed6b",
              "parentUUID": "07fb1b29-0287-499d-b7ea-eff5cc808ed2",
              "isHook": false,
              "skipped": false
            },
            {
              "title": "does experimental planes have classification level higher than unclassified",
              "fullTitle": "Airport tests does experimental planes have classification level higher than unclassified",
              "timedOut": false,
              "duration": 1,
              "state": "passed",
              "speed": "fast",
              "pass": true,
              "fail": false,
              "pending": false,
              "context": null,
              "code": "assert(airport.hasExperimentalPlanesClassificationHigherThanUnclassified());",
              "err": {},
              "uuid": "bb824ba6-4ff1-4423-9aa3-e71f21327405",
              "parentUUID": "07fb1b29-0287-499d-b7ea-eff5cc808ed2",
              "isHook": false,
              "skipped": false
            }
          ],
          "suites": [],
          "passes": [
            "a1a9b776-ca1d-4eab-b237-792aa7f14581",
            "119508e4-ebf2-41ab-901e-e6586e897308",
            "35ced095-a7e8-48e7-a773-53c9b71204f8",
            "6eb2eed9-90a7-4475-8e9f-9a26ae6bed6b",
            "bb824ba6-4ff1-4423-9aa3-e71f21327405"
          ],
          "failures": [],
          "pending": [],
          "skipped": [],
          "duration": 4,
          "root": false,
          "rootEmpty": false,
          "_timeout": 2000
        }
      ],
      "passes": [],
      "failures": [],
      "pending": [],
      "skipped": [],
      "duration": 0,
      "root": true,
      "rootEmpty": true,
      "_timeout": 2000
    }
  ],
  "meta": {
    "mocha": {
      "version": "9.1.3"
    },
    "mochawesome": {
      "options": {
        "quiet": false,
        "reportFilename": "mochawesome",
        "saveHtml": true,
        "saveJson": true,
        "consoleReporter": "spec",
        "useInlineDiffs": false,
        "code": true
      },
      "version": "7.0.1"
    },
    "marge": {
      "options": null,
      "version": "6.0.1"
    }
  }
}